

Microchip MPLAB XC8 Assembler V2.05 build -831301201 
                                                                                               Mon Apr 15 18:19:55 2019

Microchip MPLAB XC8 C Compiler v2.05 (Free license) build 20181220022703 Og1 
     1                           	processor	18F4550
     2                           	fnconf	rparam,??,?,0
     3                           	opt	pw 120
     4                           	opt	flic
     5                           	psect	idataCOMRAM,global,class=CODE,delta=1,noexec
     6                           	psect	cinit,global,reloc=2,class=CODE,delta=1
     7                           	psect	bssCOMRAM,global,class=COMRAM,space=1,delta=1,noexec
     8                           	psect	dataCOMRAM,global,class=COMRAM,space=1,delta=1,noexec
     9                           	psect	cstackCOMRAM,global,class=COMRAM,space=1,delta=1,noexec
    10                           	psect	text0,global,reloc=2,class=CODE,delta=1
    11                           	psect	intcode,global,reloc=2,class=CODE,delta=1
    12                           	psect	intcode_body,global,reloc=2,class=CODE,delta=1
    13                           	psect	text2,global,reloc=2,class=CODE,delta=1
    14                           	psect	text3,global,reloc=2,class=CODE,delta=1
    15                           	psect	intsave_regs,global,class=BIGRAM,space=1,delta=1,noexec
    16                           	psect	rparam,global,class=COMRAM,space=1,delta=1,noexec
    17                           	psect	temp,global,ovrld,common,class=COMRAM,space=1,delta=1
    18  0000                     
    19                           ; Version 2.05
    20                           ; Generated 20/12/2018 GMT
    21                           ; 
    22                           ; Copyright © 2018, Microchip Technology Inc. and its subsidiaries ("Microchip")
    23                           ; All rights reserved.
    24                           ; 
    25                           ; This software is developed by Microchip Technology Inc. and its subsidiaries ("Microch
      +                          ip").
    26                           ; 
    27                           ; Redistribution and use in source and binary forms, with or without modification, are
    28                           ; permitted provided that the following conditions are met:
    29                           ; 
    30                           ;     1. Redistributions of source code must retain the above copyright notice, this lis
      +                          t of
    31                           ;        conditions and the following disclaimer.
    32                           ; 
    33                           ;     2. Redistributions in binary form must reproduce the above copyright notice, this 
      +                          list
    34                           ;        of conditions and the following disclaimer in the documentation and/or other
    35                           ;        materials provided with the distribution.
    36                           ; 
    37                           ;     3. Microchip's name may not be used to endorse or promote products derived from th
      +                          is
    38                           ;        software without specific prior written permission.
    39                           ; 
    40                           ; THIS SOFTWARE IS PROVIDED BY MICROCHIP "AS IS" AND ANY EXPRESS OR IMPLIED WARRANTIES,
    41                           ; INCLUDING, BUT NOT LIMITED TO, THE IMPLIED WARRANTIES OF MERCHANTABILITY AND FITNESS F
      +                          OR
    42                           ; PURPOSE ARE DISCLAIMED.  IN NO EVENT SHALL MICROCHIP BE LIABLE FOR ANY DIRECT, INDIREC
      +                          T,
    43                           ; INCIDENTAL, SPECIAL, EXEMPLARY, OR CONSEQUENTIAL DAMAGES (INCLUDING BUT NOT LIMITED TO
    44                           ; PROCUREMENT OF SUBSTITUTE GOODS OR SERVICES; LOSS OF USE, DATA OR PROFITS; OR BUSINESS
    45                           ; INTERRUPTION) HOWSOEVER CAUSED AND ON ANY THEORY OF LIABILITY, WHETHER IN CONTRACT, ST
      +                          RICT
    46                           ; LIABILITY, OR TORT (INCLUDING NEGLIGENCE OR OTHERWISE) ARISING IN ANY WAY OUT OF THE U
      +                          SE OF
    47                           ; THIS SOFTWARE, EVEN IF ADVISED OF THE POSSIBILITY OF SUCH DAMAGE.
    48                           ; 
    49                           ; 
    50                           ; Code-generator required, PIC18F4550 Definitions
    51                           ; 
    52                           ; SFR Addresses
    53  0000                     
    54                           	psect	idataCOMRAM
    55  0002C2                     __pidataCOMRAM:
    56                           	opt callstack 0
    57                           
    58                           ;initializer for _qtdDias_mes
    59  0002C2  001F               	dw	31
    60  0002C4  001C               	dw	28
    61  0002C6  001F               	dw	31
    62  0002C8  001E               	dw	30
    63  0002CA  001F               	dw	31
    64  0002CC  001E               	dw	30
    65  0002CE  001F               	dw	31
    66  0002D0  001F               	dw	31
    67  0002D2  001E               	dw	30
    68  0002D4  001F               	dw	31
    69  0002D6  001E               	dw	30
    70  0002D8  001F               	dw	31
    71  0000                     _TMR0	set	4054
    72  0000                     _PORTDbits	set	3971
    73  0000                     _INTCONbits	set	4082
    74  0000                     _T0CONbits	set	4053
    75  0000                     _TRISDbits	set	3989
    76  0000                     _TMR0IF	set	32658
    77                           
    78                           ; #config settings
    79                           
    80                           	psect	cinit
    81  000264                     __pcinit:
    82                           	opt callstack 0
    83  000264                     start_initialization:
    84                           	opt callstack 0
    85  000264                     __initialization:
    86                           	opt callstack 0
    87                           
    88                           ; Initialize objects allocated to COMRAM (24 bytes)
    89                           ; load TBLPTR registers with __pidataCOMRAM
    90  000264  0EC2               	movlw	low __pidataCOMRAM
    91  000266  6EF6               	movwf	tblptrl,c
    92  000268  0E02               	movlw	high __pidataCOMRAM
    93  00026A  6EF7               	movwf	tblptrh,c
    94  00026C  0E00               	movlw	low (__pidataCOMRAM shr (0+16))
    95  00026E  6EF8               	movwf	tblptru,c
    96  000270  EE00  F001         	lfsr	0,__pdataCOMRAM
    97  000274  EE10 F018          	lfsr	1,24
    98  000278                     copy_data0:
    99  000278  0009               	tblrd		*+
   100  00027A  CFF5 FFEE          	movff	tablat,postinc0
   101  00027E  50E5               	movf	postdec1,w,c
   102  000280  50E1               	movf	fsr1l,w,c
   103  000282  E1FA               	bnz	copy_data0
   104                           
   105                           ; Clear objects allocated to COMRAM (14 bytes)
   106  000284  EE00  F02D         	lfsr	0,__pbssCOMRAM
   107  000288  0E0E               	movlw	14
   108  00028A                     clear_0:
   109  00028A  6AEE               	clrf	postinc0,c
   110  00028C  06E8               	decf	wreg,f,c
   111  00028E  E1FD               	bnz	clear_0
   112  000290                     end_of_initialization:
   113                           	opt callstack 0
   114  000290                     __end_of__initialization:
   115                           	opt callstack 0
   116  000290  903B               	bcf	int$flags,0,c	;clear compiler interrupt flag (level 1)
   117  000292  923B               	bcf	int$flags,1,c	;clear compiler interrupt flag (level 2)
   118  000294  0100               	movlb	0
   119  000296  EF14  F001         	goto	_main	;jump to C main() function
   120                           
   121                           	psect	bssCOMRAM
   122  00002D                     __pbssCOMRAM:
   123                           	opt callstack 0
   124  00002D                     _contador:
   125                           	opt callstack 0
   126  00002D                     	ds	2
   127  00002F                     _re:
   128                           	opt callstack 0
   129  00002F                     	ds	6
   130  000035                     _ca:
   131                           	opt callstack 0
   132  000035                     	ds	6
   133                           
   134                           	psect	dataCOMRAM
   135  000001                     __pdataCOMRAM:
   136                           	opt callstack 0
   137  000001                     _qtdDias_mes:
   138                           	opt callstack 0
   139  000001                     	ds	24
   140                           
   141                           	psect	cstackCOMRAM
   142  000019                     __pcstackCOMRAM:
   143                           	opt callstack 0
   144  000019                     verifica_b@ano:
   145                           	opt callstack 0
   146                           
   147                           ; 2 bytes @ 0x0
   148  000019                     	ds	2
   149  00001B                     ??_verifica_b:
   150                           
   151                           ; 1 bytes @ 0x2
   152  00001B                     	ds	2
   153  00001D                     tratar_relogio@c:
   154                           	opt callstack 0
   155                           
   156                           ; 2 bytes @ 0x4
   157  00001D                     	ds	2
   158  00001F                     tratar_relogio@r:
   159                           	opt callstack 0
   160                           
   161                           ; 2 bytes @ 0x6
   162  00001F                     	ds	2
   163  000021                     ??_tratar_relogio:
   164                           
   165                           ; 1 bytes @ 0x8
   166  000021                     	ds	7
   167  000028                     ??_pic_isr:
   168                           
   169                           ; 1 bytes @ 0xF
   170  000028                     	ds	5
   171  00002D                     
   172                           ; 1 bytes @ 0x14
   173 ;;
   174 ;;Main: autosize = 0, tempsize = 0, incstack = 0, save=0
   175 ;;
   176 ;; *************** function _main *****************
   177 ;; Defined at:
   178 ;;		line 20 in file "exercicio_PIC_6_calendario.c"
   179 ;; Parameters:    Size  Location     Type
   180 ;;		None
   181 ;; Auto vars:     Size  Location     Type
   182 ;;		None
   183 ;; Return value:  Size  Location     Type
   184 ;;                  1    wreg      void 
   185 ;; Registers used:
   186 ;;		wreg, status,2
   187 ;; Tracked objects:
   188 ;;		On entry : 0/0
   189 ;;		On exit  : 0/0
   190 ;;		Unchanged: 0/0
   191 ;; Data sizes:     COMRAM   BANK0   BANK1   BANK2   BANK3   BANK4   BANK5   BANK6   BANK7
   192 ;;      Params:         0       0       0       0       0       0       0       0       0
   193 ;;      Locals:         0       0       0       0       0       0       0       0       0
   194 ;;      Temps:          0       0       0       0       0       0       0       0       0
   195 ;;      Totals:         0       0       0       0       0       0       0       0       0
   196 ;;Total ram usage:        0 bytes
   197 ;; Hardware stack levels required when called:    3
   198 ;; This function calls:
   199 ;;		Nothing
   200 ;; This function is called by:
   201 ;;		Startup code after reset
   202 ;; This function uses a non-reentrant model
   203 ;;
   204                           
   205                           	psect	text0
   206  000228                     __ptext0:
   207                           	opt callstack 0
   208  000228                     _main:
   209                           	opt callstack 28
   210                           
   211                           ;exercicio_PIC_6_calendario.c: 22: 
   212                           
   213                           ;incstack = 0
   214  000228  0E07               	movlw	7
   215  00022A  6E3A               	movwf	_ca+5,c
   216  00022C  0EE3               	movlw	227
   217  00022E  6E39               	movwf	_ca+4,c
   218                           
   219                           ;exercicio_PIC_6_calendario.c: 23:     TMR0=2535;
   220  000230  0E00               	movlw	0
   221  000232  6E38               	movwf	_ca+3,c
   222  000234  0E01               	movlw	1
   223  000236  6E37               	movwf	_ca+2,c
   224                           
   225                           ;exercicio_PIC_6_calendario.c: 24: 
   226  000238  0E00               	movlw	0
   227  00023A  6E36               	movwf	_ca+1,c
   228  00023C  0E01               	movlw	1
   229  00023E  6E35               	movwf	_ca,c
   230                           
   231                           ;exercicio_PIC_6_calendario.c: 26: 
   232  000240  9095               	bcf	3989,0,c	;volatile
   233                           
   234                           ;exercicio_PIC_6_calendario.c: 28:     INTCONbits.GIEH=1;
   235  000242  8ED5               	bsf	4053,7,c	;volatile
   236                           
   237                           ;exercicio_PIC_6_calendario.c: 30: 
   238  000244  8AF2               	bsf	4082,5,c	;volatile
   239                           
   240                           ;exercicio_PIC_6_calendario.c: 31:     while(1){
   241  000246  94F2               	bcf	4082,2,c	;volatile
   242                           
   243                           ;exercicio_PIC_6_calendario.c: 33:     }
   244  000248  9CD5               	bcf	4053,6,c	;volatile
   245                           
   246                           ;exercicio_PIC_6_calendario.c: 34: 
   247  00024A  96D5               	bcf	4053,3,c	;volatile
   248                           
   249                           ;exercicio_PIC_6_calendario.c: 35:     return;
   250  00024C  80D5               	bsf	4053,0,c	;volatile
   251                           
   252                           ;exercicio_PIC_6_calendario.c: 36: }
   253  00024E  92D5               	bcf	4053,1,c	;volatile
   254                           
   255                           ;exercicio_PIC_6_calendario.c: 37: 
   256  000250  84D5               	bsf	4053,2,c	;volatile
   257                           
   258                           ;exercicio_PIC_6_calendario.c: 38: void __attribute__((picinterrupt(("")))) pic_isr(void
      +                          ){
   259  000252  9AD5               	bcf	4053,5,c	;volatile
   260                           
   261                           ;exercicio_PIC_6_calendario.c: 40: 
   262  000254  0E09               	movlw	9
   263  000256  6ED7               	movwf	4055,c	;volatile
   264  000258  0EE7               	movlw	231
   265  00025A  6ED6               	movwf	4054,c	;volatile
   266                           
   267                           ;exercicio_PIC_6_calendario.c: 42: 
   268  00025C  8ED5               	bsf	4053,7,c	;volatile
   269                           
   270                           ;exercicio_PIC_6_calendario.c: 45:         contador++;
   271  00025E  8EF2               	bsf	4082,7,c	;volatile
   272                           
   273                           ;exercicio_PIC_6_calendario.c: 46:     }
   274  000260  8CF2               	bsf	4082,6,c	;volatile
   275  000262                     l27:
   276                           
   277                           ;exercicio_PIC_6_calendario.c: 50:         contador=0;
   278  000262  D7FF               	goto	l27
   279  000264                     __end_of_main:
   280                           	opt callstack 0
   281                           
   282 ;; *************** function _pic_isr *****************
   283 ;; Defined at:
   284 ;;		line 55 in file "exercicio_PIC_6_calendario.c"
   285 ;; Parameters:    Size  Location     Type
   286 ;;		None
   287 ;; Auto vars:     Size  Location     Type
   288 ;;		None
   289 ;; Return value:  Size  Location     Type
   290 ;;                  1    wreg      void 
   291 ;; Registers used:
   292 ;;		wreg, fsr1l, fsr1h, fsr2l, fsr2h, status,2, status,0, cstack
   293 ;; Tracked objects:
   294 ;;		On entry : 0/0
   295 ;;		On exit  : 0/0
   296 ;;		Unchanged: 0/0
   297 ;; Data sizes:     COMRAM   BANK0   BANK1   BANK2   BANK3   BANK4   BANK5   BANK6   BANK7
   298 ;;      Params:         0       0       0       0       0       0       0       0       0
   299 ;;      Locals:         0       0       0       0       0       0       0       0       0
   300 ;;      Temps:          5       0       0       0       0       0       0       0       0
   301 ;;      Totals:         5       0       0       0       0       0       0       0       0
   302 ;;Total ram usage:        5 bytes
   303 ;; Hardware stack levels used:    1
   304 ;; Hardware stack levels required when called:    2
   305 ;; This function calls:
   306 ;;		_tratar_relogio
   307 ;; This function is called by:
   308 ;;		Interrupt level 2
   309 ;; This function uses a non-reentrant model
   310 ;;
   311                           
   312                           	psect	intcode
   313  000008                     __pintcode:
   314                           	opt callstack 0
   315  000008                     _pic_isr:
   316                           	opt callstack 28
   317                           
   318                           ;incstack = 0
   319  000008  823B               	bsf	btemp,1,c	;set compiler interrupt flag (level 2)
   320  00000A  EDD5  F000         	call	int_func,f	;refresh shadow registers
   321                           
   322                           	psect	intcode_body
   323  0001AA                     __pintcode_body:
   324                           	opt callstack 28
   325  0001AA                     int_func:
   326                           	opt callstack 28
   327  0001AA  0006               	pop		; remove dummy address from shadow register refresh
   328  0001AC  CFE1 F029          	movff	fsr1l,??_pic_isr+1
   329  0001B0  CFE2 F02A          	movff	fsr1h,??_pic_isr+2
   330  0001B4  CFD9 F02B          	movff	fsr2l,??_pic_isr+3
   331  0001B8  CFDA F02C          	movff	fsr2h,??_pic_isr+4
   332  0001BC  A4F2               	btfss	4082,2,c	;volatile
   333  0001BE  D007               	goto	i2l842
   334  0001C0  0E09               	movlw	9
   335  0001C2  6ED7               	movwf	4055,c	;volatile
   336  0001C4  0EE7               	movlw	231
   337  0001C6  6ED6               	movwf	4054,c	;volatile
   338  0001C8  94F2               	bcf	4082,2,c	;volatile
   339  0001CA  4A2D               	infsnz	_contador,f,c
   340  0001CC  2A2E               	incf	_contador+1,f,c
   341  0001CE                     i2l842:
   342  0001CE  BE2E               	btfsc	_contador+1,7,c
   343  0001D0  D021               	goto	i2l37
   344  0001D2  502E               	movf	_contador+1,w,c
   345  0001D4  E104               	bnz	i2u17_40
   346  0001D6  0E0A               	movlw	10
   347  0001D8  5C2D               	subwf	_contador,w,c
   348  0001DA  A0D8               	btfss	status,0,c
   349  0001DC  D01B               	goto	i2l37
   350  0001DE                     i2u17_40:
   351  0001DE  0E35               	movlw	low _ca
   352  0001E0  6E1D               	movwf	tratar_relogio@c,c
   353  0001E2  0E00               	movlw	high _ca
   354  0001E4  6E1E               	movwf	tratar_relogio@c+1,c
   355  0001E6  0E2F               	movlw	low _re
   356  0001E8  6E1F               	movwf	tratar_relogio@r,c
   357  0001EA  0E00               	movlw	high _re
   358  0001EC  6E20               	movwf	tratar_relogio@r+1,c
   359  0001EE  EC09  F000         	call	_tratar_relogio	;wreg free
   360  0001F2  A083               	btfss	3971,0,c	;volatile
   361  0001F4  D003               	goto	i2u18_40
   362  0001F6  6A28               	clrf	??_pic_isr& (0+255),c
   363  0001F8  2A28               	incf	??_pic_isr& (0+255),f,c
   364  0001FA  D001               	goto	i2u18_48
   365  0001FC                     i2u18_40:
   366  0001FC  6A28               	clrf	??_pic_isr& (0+255),c
   367  0001FE                     i2u18_48:
   368  0001FE  0E01               	movlw	1
   369  000200  2628               	addwf	??_pic_isr,f,c
   370  000202  5083               	movf	3971,w,c	;volatile
   371  000204  1828               	xorwf	??_pic_isr,w,c
   372  000206  0BFE               	andlw	-2
   373  000208  1828               	xorwf	??_pic_isr,w,c
   374  00020A  6E83               	movwf	3971,c	;volatile
   375  00020C  0E00               	movlw	0
   376  00020E  6E2E               	movwf	_contador+1,c
   377  000210  0E00               	movlw	0
   378  000212  6E2D               	movwf	_contador,c
   379  000214                     i2l37:
   380  000214  C02C  FFDA         	movff	??_pic_isr+4,fsr2h
   381  000218  C02B  FFD9         	movff	??_pic_isr+3,fsr2l
   382  00021C  C02A  FFE2         	movff	??_pic_isr+2,fsr1h
   383  000220  C029  FFE1         	movff	??_pic_isr+1,fsr1l
   384  000224  923B               	bcf	btemp,1,c	;clear compiler interrupt flag (level 2)
   385  000226  0011               	retfie		f
   386  000228                     __end_of_pic_isr:
   387                           	opt callstack 0
   388                           
   389 ;; *************** function _tratar_relogio *****************
   390 ;; Defined at:
   391 ;;		line 11 in file "relogio_calendario.c"
   392 ;; Parameters:    Size  Location     Type
   393 ;;  c               2    4[COMRAM] PTR struct .
   394 ;;		 -> ca(6), 
   395 ;;  r               2    6[COMRAM] PTR struct .
   396 ;;		 -> re(6), 
   397 ;; Auto vars:     Size  Location     Type
   398 ;;		None
   399 ;; Return value:  Size  Location     Type
   400 ;;                  1    wreg      void 
   401 ;; Registers used:
   402 ;;		wreg, fsr1l, fsr1h, fsr2l, fsr2h, status,2, status,0, cstack
   403 ;; Tracked objects:
   404 ;;		On entry : 0/0
   405 ;;		On exit  : 0/0
   406 ;;		Unchanged: 0/0
   407 ;; Data sizes:     COMRAM   BANK0   BANK1   BANK2   BANK3   BANK4   BANK5   BANK6   BANK7
   408 ;;      Params:         4       0       0       0       0       0       0       0       0
   409 ;;      Locals:         0       0       0       0       0       0       0       0       0
   410 ;;      Temps:          7       0       0       0       0       0       0       0       0
   411 ;;      Totals:        11       0       0       0       0       0       0       0       0
   412 ;;Total ram usage:       11 bytes
   413 ;; Hardware stack levels used:    1
   414 ;; Hardware stack levels required when called:    1
   415 ;; This function calls:
   416 ;;		_verifica_b
   417 ;; This function is called by:
   418 ;;		_pic_isr
   419 ;; This function uses a non-reentrant model
   420 ;;
   421                           
   422                           	psect	text2
   423  000012                     __ptext2:
   424                           	opt callstack 0
   425  000012                     _tratar_relogio:
   426                           	opt callstack 28
   427                           
   428                           ;relogio_calendario.c: 12:     r->segundo++;
   429                           
   430                           ;incstack = 0
   431  000012  EE20 F002          	lfsr	2,2
   432  000016  501F               	movf	tratar_relogio@r,w,c
   433  000018  26D9               	addwf	fsr2l,f,c
   434  00001A  5020               	movf	tratar_relogio@r+1,w,c
   435  00001C  22DA               	addwfc	fsr2h,f,c
   436  00001E  2ADE               	incf	postinc2,f,c
   437  000020  0E00               	movlw	0
   438  000022  22DD               	addwfc	postdec2,f,c
   439                           
   440                           ;relogio_calendario.c: 14:     if(r->segundo>59){
   441  000024  EE20 F002          	lfsr	2,2
   442  000028  501F               	movf	tratar_relogio@r,w,c
   443  00002A  26D9               	addwf	fsr2l,f,c
   444  00002C  5020               	movf	tratar_relogio@r+1,w,c
   445  00002E  22DA               	addwfc	fsr2h,f,c
   446  000030  0E01               	movlw	1
   447  000032  BEDB               	btfsc	plusw2,7,c
   448  000034  D018               	goto	i2l49
   449  000036  0E01               	movlw	1
   450  000038  50DB               	movf	plusw2,w,c
   451  00003A  E104               	bnz	i2u11_40
   452  00003C  0E3C               	movlw	60
   453  00003E  5CDE               	subwf	postinc2,w,c
   454  000040  A0D8               	btfss	status,0,c
   455  000042  D011               	goto	i2l49
   456  000044                     i2u11_40:
   457                           
   458                           ;relogio_calendario.c: 15:         r->minuto++;
   459  000044  C01F  FFD9         	movff	tratar_relogio@r,fsr2l
   460  000048  C020  FFDA         	movff	tratar_relogio@r+1,fsr2h
   461  00004C  2ADE               	incf	postinc2,f,c
   462  00004E  0E00               	movlw	0
   463  000050  22DD               	addwfc	postdec2,f,c
   464                           
   465                           ;relogio_calendario.c: 16:         r->segundo=0;
   466  000052  EE20 F002          	lfsr	2,2
   467  000056  501F               	movf	tratar_relogio@r,w,c
   468  000058  26D9               	addwf	fsr2l,f,c
   469  00005A  5020               	movf	tratar_relogio@r+1,w,c
   470  00005C  22DA               	addwfc	fsr2h,f,c
   471  00005E  0E00               	movlw	0
   472  000060  6EDE               	movwf	postinc2,c
   473  000062  0E00               	movlw	0
   474  000064  6EDD               	movwf	postdec2,c
   475  000066                     i2l49:
   476                           
   477                           ;relogio_calendario.c: 18:     if(r->minuto>59){
   478  000066  C01F  FFD9         	movff	tratar_relogio@r,fsr2l
   479  00006A  C020  FFDA         	movff	tratar_relogio@r+1,fsr2h
   480  00006E  0E01               	movlw	1
   481  000070  BEDB               	btfsc	plusw2,7,c
   482  000072  D018               	goto	i2l818
   483  000074  0E01               	movlw	1
   484  000076  50DB               	movf	plusw2,w,c
   485  000078  E104               	bnz	i2u12_40
   486  00007A  0E3C               	movlw	60
   487  00007C  5CDE               	subwf	postinc2,w,c
   488  00007E  A0D8               	btfss	status,0,c
   489  000080  D011               	goto	i2l818
   490  000082                     i2u12_40:
   491                           
   492                           ;relogio_calendario.c: 19:         r->hora++;
   493  000082  EE20 F004          	lfsr	2,4
   494  000086  501F               	movf	tratar_relogio@r,w,c
   495  000088  26D9               	addwf	fsr2l,f,c
   496  00008A  5020               	movf	tratar_relogio@r+1,w,c
   497  00008C  22DA               	addwfc	fsr2h,f,c
   498  00008E  2ADE               	incf	postinc2,f,c
   499  000090  0E00               	movlw	0
   500  000092  22DD               	addwfc	postdec2,f,c
   501                           
   502                           ;relogio_calendario.c: 20:         r->minuto=0;
   503  000094  C01F  FFD9         	movff	tratar_relogio@r,fsr2l
   504  000098  C020  FFDA         	movff	tratar_relogio@r+1,fsr2h
   505  00009C  0E00               	movlw	0
   506  00009E  6EDE               	movwf	postinc2,c
   507  0000A0  0E00               	movlw	0
   508  0000A2  6EDD               	movwf	postdec2,c
   509  0000A4                     i2l818:
   510                           
   511                           ;relogio_calendario.c: 22:     if(r->hora>23){
   512  0000A4  EE20 F004          	lfsr	2,4
   513  0000A8  501F               	movf	tratar_relogio@r,w,c
   514  0000AA  26D9               	addwf	fsr2l,f,c
   515  0000AC  5020               	movf	tratar_relogio@r+1,w,c
   516  0000AE  22DA               	addwfc	fsr2h,f,c
   517  0000B0  0E01               	movlw	1
   518  0000B2  BEDB               	btfsc	plusw2,7,c
   519  0000B4  D018               	goto	i2l822
   520  0000B6  0E01               	movlw	1
   521  0000B8  50DB               	movf	plusw2,w,c
   522  0000BA  E104               	bnz	i2u13_40
   523  0000BC  0E18               	movlw	24
   524  0000BE  5CDE               	subwf	postinc2,w,c
   525  0000C0  A0D8               	btfss	status,0,c
   526  0000C2  D011               	goto	i2l822
   527  0000C4                     i2u13_40:
   528                           
   529                           ;relogio_calendario.c: 23:         c->dia++;
   530  0000C4  C01D  FFD9         	movff	tratar_relogio@c,fsr2l
   531  0000C8  C01E  FFDA         	movff	tratar_relogio@c+1,fsr2h
   532  0000CC  2ADE               	incf	postinc2,f,c
   533  0000CE  0E00               	movlw	0
   534  0000D0  22DD               	addwfc	postdec2,f,c
   535                           
   536                           ;relogio_calendario.c: 24:         r->hora=0;
   537  0000D2  EE20 F004          	lfsr	2,4
   538  0000D6  501F               	movf	tratar_relogio@r,w,c
   539  0000D8  26D9               	addwf	fsr2l,f,c
   540  0000DA  5020               	movf	tratar_relogio@r+1,w,c
   541  0000DC  22DA               	addwfc	fsr2h,f,c
   542  0000DE  0E00               	movlw	0
   543  0000E0  6EDE               	movwf	postinc2,c
   544  0000E2  0E00               	movlw	0
   545  0000E4  6EDD               	movwf	postdec2,c
   546  0000E6                     i2l822:
   547                           
   548                           ;relogio_calendario.c: 26:     if(c->dia>qtdDias_mes[c->mes-1]){
   549  0000E6  C01D  FFD9         	movff	tratar_relogio@c,fsr2l
   550  0000EA  C01E  FFDA         	movff	tratar_relogio@c+1,fsr2h
   551  0000EE  EE10 F002          	lfsr	1,2
   552  0000F2  501D               	movf	tratar_relogio@c,w,c
   553  0000F4  26E1               	addwf	fsr1l,f,c
   554  0000F6  501E               	movf	tratar_relogio@c+1,w,c
   555  0000F8  22E2               	addwfc	fsr1h,f,c
   556  0000FA  CFE6 F023          	movff	postinc1,??_tratar_relogio+2
   557  0000FE  CFE5 F024          	movff	postdec1,??_tratar_relogio+3
   558  000102  90D8               	bcf	status,0,c
   559  000104  3623               	rlcf	??_tratar_relogio+2,f,c
   560  000106  3624               	rlcf	??_tratar_relogio+3,f,c
   561  000108  0EFF               	movlw	low (_qtdDias_mes+65534)
   562  00010A  2423               	addwf	??_tratar_relogio+2,w,c
   563  00010C  6EE1               	movwf	fsr1l,c
   564  00010E  0EFF               	movlw	high (_qtdDias_mes+65534)
   565  000110  2024               	addwfc	??_tratar_relogio+3,w,c
   566  000112  6EE2               	movwf	fsr1h,c
   567  000114  50DE               	movf	postinc2,w,c
   568  000116  5CE6               	subwf	postinc1,w,c
   569  000118  50E6               	movf	postinc1,w,c
   570  00011A  0A80               	xorlw	128
   571  00011C  6E27               	movwf	(??_tratar_relogio+6)& (0+255),c
   572  00011E  50DE               	movf	postinc2,w,c
   573  000120  0A80               	xorlw	128
   574  000122  5827               	subwfb	(??_tratar_relogio+6)& (0+255),w,c
   575  000124  B0D8               	btfsc	status,0,c
   576  000126  D011               	goto	i2l828
   577                           
   578                           ;relogio_calendario.c: 27:         c->mes++;
   579  000128  EE20 F002          	lfsr	2,2
   580  00012C  501D               	movf	tratar_relogio@c,w,c
   581  00012E  26D9               	addwf	fsr2l,f,c
   582  000130  501E               	movf	tratar_relogio@c+1,w,c
   583  000132  22DA               	addwfc	fsr2h,f,c
   584  000134  2ADE               	incf	postinc2,f,c
   585  000136  0E00               	movlw	0
   586  000138  22DD               	addwfc	postdec2,f,c
   587                           
   588                           ;relogio_calendario.c: 28:         c->dia=1;
   589  00013A  C01D  FFD9         	movff	tratar_relogio@c,fsr2l
   590  00013E  C01E  FFDA         	movff	tratar_relogio@c+1,fsr2h
   591  000142  0E01               	movlw	1
   592  000144  6EDE               	movwf	postinc2,c
   593  000146  0E00               	movlw	0
   594  000148  6EDD               	movwf	postdec2,c
   595  00014A                     i2l828:
   596                           
   597                           ;relogio_calendario.c: 30:     if(c->mes>12){
   598  00014A  EE20 F002          	lfsr	2,2
   599  00014E  501D               	movf	tratar_relogio@c,w,c
   600  000150  26D9               	addwf	fsr2l,f,c
   601  000152  501E               	movf	tratar_relogio@c+1,w,c
   602  000154  22DA               	addwfc	fsr2h,f,c
   603  000156  0E01               	movlw	1
   604  000158  BEDB               	btfsc	plusw2,7,c
   605  00015A  0012               	return	
   606  00015C  0E01               	movlw	1
   607  00015E  50DB               	movf	plusw2,w,c
   608  000160  E104               	bnz	i2u15_40
   609  000162  0E0D               	movlw	13
   610  000164  5CDE               	subwf	postinc2,w,c
   611  000166  A0D8               	btfss	status,0,c
   612  000168  0012               	return	
   613  00016A                     i2u15_40:
   614                           
   615                           ;relogio_calendario.c: 31:         c->ano++;
   616  00016A  EE20 F004          	lfsr	2,4
   617  00016E  501D               	movf	tratar_relogio@c,w,c
   618  000170  26D9               	addwf	fsr2l,f,c
   619  000172  501E               	movf	tratar_relogio@c+1,w,c
   620  000174  22DA               	addwfc	fsr2h,f,c
   621  000176  2ADE               	incf	postinc2,f,c
   622  000178  0E00               	movlw	0
   623  00017A  22DD               	addwfc	postdec2,f,c
   624                           
   625                           ;relogio_calendario.c: 32:         c->mes=1;
   626  00017C  EE20 F002          	lfsr	2,2
   627  000180  501D               	movf	tratar_relogio@c,w,c
   628  000182  26D9               	addwf	fsr2l,f,c
   629  000184  501E               	movf	tratar_relogio@c+1,w,c
   630  000186  22DA               	addwfc	fsr2h,f,c
   631  000188  0E01               	movlw	1
   632  00018A  6EDE               	movwf	postinc2,c
   633  00018C  0E00               	movlw	0
   634  00018E  6EDD               	movwf	postdec2,c
   635                           
   636                           ;relogio_calendario.c: 33:         verifica_b(c->ano);
   637  000190  EE20 F004          	lfsr	2,4
   638  000194  501D               	movf	tratar_relogio@c,w,c
   639  000196  26D9               	addwf	fsr2l,f,c
   640  000198  501E               	movf	tratar_relogio@c+1,w,c
   641  00019A  22DA               	addwfc	fsr2h,f,c
   642  00019C  CFDE F019          	movff	postinc2,verifica_b@ano
   643  0001A0  CFDD F01A          	movff	postdec2,verifica_b@ano+1
   644  0001A4  EC4D  F001         	call	_verifica_b	;wreg free
   645  0001A8  0012               	return		;funcret
   646  0001AA                     __end_of_tratar_relogio:
   647                           	opt callstack 0
   648                           
   649 ;; *************** function _verifica_b *****************
   650 ;; Defined at:
   651 ;;		line 3 in file "relogio_calendario.c"
   652 ;; Parameters:    Size  Location     Type
   653 ;;  ano             2    0[COMRAM] int 
   654 ;; Auto vars:     Size  Location     Type
   655 ;;		None
   656 ;; Return value:  Size  Location     Type
   657 ;;                  1    wreg      void 
   658 ;; Registers used:
   659 ;;		wreg, status,2, status,0
   660 ;; Tracked objects:
   661 ;;		On entry : 0/0
   662 ;;		On exit  : 0/0
   663 ;;		Unchanged: 0/0
   664 ;; Data sizes:     COMRAM   BANK0   BANK1   BANK2   BANK3   BANK4   BANK5   BANK6   BANK7
   665 ;;      Params:         2       0       0       0       0       0       0       0       0
   666 ;;      Locals:         0       0       0       0       0       0       0       0       0
   667 ;;      Temps:          2       0       0       0       0       0       0       0       0
   668 ;;      Totals:         4       0       0       0       0       0       0       0       0
   669 ;;Total ram usage:        4 bytes
   670 ;; Hardware stack levels used:    1
   671 ;; This function calls:
   672 ;;		Nothing
   673 ;; This function is called by:
   674 ;;		_tratar_relogio
   675 ;; This function uses a non-reentrant model
   676 ;;
   677                           
   678                           	psect	text3
   679  00029A                     __ptext3:
   680                           	opt callstack 0
   681  00029A                     _verifica_b:
   682                           	opt callstack 28
   683                           
   684                           ;relogio_calendario.c: 4:     if(ano%4==0){
   685                           
   686                           ;incstack = 0
   687  00029A  0E03               	movlw	3
   688  00029C  1419               	andwf	verifica_b@ano,w,c
   689  00029E  6E1B               	movwf	??_verifica_b& (0+255),c
   690  0002A0  0E00               	movlw	0
   691  0002A2  141A               	andwf	verifica_b@ano+1,w,c
   692  0002A4  6E1C               	movwf	(??_verifica_b+1)& (0+255),c
   693  0002A6  501B               	movf	??_verifica_b,w,c
   694  0002A8  101C               	iorwf	??_verifica_b+1,w,c
   695  0002AA  A4D8               	btfss	status,2,c
   696  0002AC  D005               	goto	i2l808
   697                           
   698                           ;relogio_calendario.c: 5:         qtdDias_mes[1]=29;
   699  0002AE  0E00               	movlw	0
   700  0002B0  6E04               	movwf	_qtdDias_mes+3,c
   701  0002B2  0E1D               	movlw	29
   702  0002B4  6E03               	movwf	_qtdDias_mes+2,c
   703                           
   704                           ;relogio_calendario.c: 6:     }else{
   705  0002B6  0012               	return	
   706  0002B8                     i2l808:
   707                           
   708                           ;relogio_calendario.c: 7:         qtdDias_mes[1]=28;
   709  0002B8  0E00               	movlw	0
   710  0002BA  6E04               	movwf	_qtdDias_mes+3,c
   711  0002BC  0E1C               	movlw	28
   712  0002BE  6E03               	movwf	_qtdDias_mes+2,c
   713  0002C0  0012               	return		;funcret
   714  0002C2                     __end_of_verifica_b:
   715                           	opt callstack 0
   716  0000                     
   717                           	psect	rparam
   718  0000                     
   719                           	psect	temp
   720  00003B                     btemp:
   721                           	opt callstack 0
   722  00003B                     	ds	1
   723  0000                     int$flags	set	btemp
   724  0000                     wtemp8	set	btemp+1
   725  0000                     ttemp5	set	btemp+1
   726  0000                     ttemp6	set	btemp+4
   727  0000                     ttemp7	set	btemp+8
   728                           tosu	equ	0xFFF
   729                           tosh	equ	0xFFE
   730                           tosl	equ	0xFFD
   731                           stkptr	equ	0xFFC
   732                           pclatu	equ	0xFFB
   733                           pclath	equ	0xFFA
   734                           pcl	equ	0xFF9
   735                           tblptru	equ	0xFF8
   736                           tblptrh	equ	0xFF7
   737                           tblptrl	equ	0xFF6
   738                           tablat	equ	0xFF5
   739                           prodh	equ	0xFF4
   740                           prodl	equ	0xFF3
   741                           indf0	equ	0xFEF
   742                           postinc0	equ	0xFEE
   743                           postdec0	equ	0xFED
   744                           preinc0	equ	0xFEC
   745                           plusw0	equ	0xFEB
   746                           fsr0h	equ	0xFEA
   747                           fsr0l	equ	0xFE9
   748                           wreg	equ	0xFE8
   749                           indf1	equ	0xFE7
   750                           postinc1	equ	0xFE6
   751                           postdec1	equ	0xFE5
   752                           preinc1	equ	0xFE4
   753                           plusw1	equ	0xFE3
   754                           fsr1h	equ	0xFE2
   755                           fsr1l	equ	0xFE1
   756                           bsr	equ	0xFE0
   757                           indf2	equ	0xFDF
   758                           postinc2	equ	0xFDE
   759                           postdec2	equ	0xFDD
   760                           preinc2	equ	0xFDC
   761                           plusw2	equ	0xFDB
   762                           fsr2h	equ	0xFDA
   763                           fsr2l	equ	0xFD9
   764                           status	equ	0xFD8


Data Sizes:
    Strings     0
    Constant    0
    Data        24
    BSS         14
    Persistent  0
    Stack       0

Auto Spaces:
    Space          Size  Autos    Used
    COMRAM           94     20      58
    BANK0           160      0       0
    BANK1           256      0       0
    BANK2           256      0       0
    BANK3           256      0       0
    BANK4           256      0       0
    BANK5           256      0       0
    BANK6           256      0       0
    BANK7           256      0       0

Pointer List with Targets:

    tratar_relogio@c	PTR struct . size(2) Largest target is 6
		 -> ca(COMRAM[6]), 

    tratar_relogio@r	PTR struct . size(2) Largest target is 6
		 -> re(COMRAM[6]), 


Critical Paths under _main in COMRAM

    None.

Critical Paths under _pic_isr in COMRAM

    _pic_isr->_tratar_relogio
    _tratar_relogio->_verifica_b

Critical Paths under _main in BANK0

    None.

Critical Paths under _pic_isr in BANK0

    None.

Critical Paths under _main in BANK1

    None.

Critical Paths under _pic_isr in BANK1

    None.

Critical Paths under _main in BANK2

    None.

Critical Paths under _pic_isr in BANK2

    None.

Critical Paths under _main in BANK3

    None.

Critical Paths under _pic_isr in BANK3

    None.

Critical Paths under _main in BANK4

    None.

Critical Paths under _pic_isr in BANK4

    None.

Critical Paths under _main in BANK5

    None.

Critical Paths under _pic_isr in BANK5

    None.

Critical Paths under _main in BANK6

    None.

Critical Paths under _pic_isr in BANK6

    None.

Critical Paths under _main in BANK7

    None.

Critical Paths under _pic_isr in BANK7

    None.

Call Graph Tables:

 ---------------------------------------------------------------------------------
 (Depth) Function   	        Calls       Base Space   Used Autos Params    Refs
 ---------------------------------------------------------------------------------
 (0) _main                                                 0     0      0       0
 ---------------------------------------------------------------------------------
 Estimated maximum stack depth 0
 ---------------------------------------------------------------------------------
 (Depth) Function   	        Calls       Base Space   Used Autos Params    Refs
 ---------------------------------------------------------------------------------
 (1) _pic_isr                                              5     5      0     646
                                             15 COMRAM     5     5      0
                     _tratar_relogio
 ---------------------------------------------------------------------------------
 (2) _tratar_relogio                                      11     7      4     646
                                              4 COMRAM    11     7      4
                         _verifica_b
 ---------------------------------------------------------------------------------
 (3) _verifica_b                                           4     2      2      98
                                              0 COMRAM     4     2      2
 ---------------------------------------------------------------------------------
 Estimated maximum stack depth 3
 ---------------------------------------------------------------------------------

 Call Graph Graphs:

 _main (ROOT)

 _pic_isr (ROOT)
   _tratar_relogio
     _verifica_b

 Address spaces:
Name               Size   Autos  Total    Cost      Usage
BIGRAM             7FF      0       0      21        0.0%
EEDATA             100      0       0       0        0.0%
BITBANK7           100      0       0      18        0.0%
BANK7              100      0       0      19        0.0%
BITBANK6           100      0       0      16        0.0%
BANK6              100      0       0      17        0.0%
BITBANK5           100      0       0      14        0.0%
BANK5              100      0       0      15        0.0%
BITBANK4           100      0       0      12        0.0%
BANK4              100      0       0      13        0.0%
BITBANK3           100      0       0      10        0.0%
BANK3              100      0       0      11        0.0%
BITBANK2           100      0       0       8        0.0%
BANK2              100      0       0       9        0.0%
BITBANK1           100      0       0       6        0.0%
BANK1              100      0       0       7        0.0%
BITBANK0            A0      0       0       4        0.0%
BANK0               A0      0       0       5        0.0%
BITCOMRAM           5E      0       0       0        0.0%
COMRAM              5E     14      3A       1       61.7%
BITSFR               0      0       0     200        0.0%
SFR                  0      0       0     200        0.0%
STACK                0      0       0       2        0.0%
NULL                 0      0       0       0        0.0%
ABS                  0      0      3A      20        0.0%
DATA                 0      0      3A       3        0.0%
CODE                 0      0       0       0        0.0%


Microchip Technology PIC18 Macro Assembler V2.05 build -831301201 
Symbol Table                                                                                   Mon Apr 15 18:19:55 2019

                     l27 0262                       _ca 0035                       _re 002F  
                    wreg 000FE8                     i2l37 0214                     i2l49 0066  
                   _TMR0 000FD6                     _main 0228                     fsr1h 000FE2  
                   fsr2h 000FDA                     fsr1l 000FE1                     fsr2l 000FD9  
                   btemp 003B                     start 000E             ___param_bank 000000  
                  ?_main 0019                    i2l822 00E6                    i2l808 02B8  
                  i2l818 00A4                    i2l842 01CE                    i2l828 014A  
        __end_of_pic_isr 0228                    tablat 000FF5                    plusw2 000FDB  
                  ttemp5 003C                    ttemp6 003F                    ttemp7 0043  
                  status 000FD8                    wtemp8 003C          __initialization 0264  
           __end_of_main 0264           _tratar_relogio 0012                   ??_main 002D  
          __activetblptr 000000            verifica_b@ano 0019                   _TMR0IF 007F92  
 __end_of_tratar_relogio 01AA                   clear_0 028A             __pdataCOMRAM 0001  
              ??_pic_isr 0028                   tblptrh 000FF7                   tblptrl 000FF6  
                 tblptru 000FF8               __accesstop 0060  __end_of__initialization 0290  
          ___rparam_used 000001          ?_tratar_relogio 001D           __pcstackCOMRAM 0019  
                i2u11_40 0044                  i2u12_40 0082                  i2u13_40 00C4  
                i2u15_40 016A                  i2u17_40 01DE                  i2u18_40 01FC  
                i2u18_48 01FE                  __Hparam 0000                  __Lparam 0000  
                __pcinit 0264                  __ramtop 0800                  __ptext0 0228  
                __ptext2 0012                  __ptext3 029A                _T0CONbits 000FD5  
                _pic_isr 0008           __pintcode_body 01AA     end_of_initialization 0290  
                int_func 01AA                  postdec1 000FE5                  postdec2 000FDD  
                postinc0 000FEE                  postinc1 000FE6                  postinc2 000FDE  
              _PORTDbits 000F83               _verifica_b 029A                _TRISDbits 000F95  
       ??_tratar_relogio 0021            __pidataCOMRAM 02C2      start_initialization 0264  
            ?_verifica_b 0019              __pbssCOMRAM 002D          tratar_relogio@c 001D  
        tratar_relogio@r 001F                __pintcode 0008                 ?_pic_isr 0019  
    __size_of_verifica_b 0028                copy_data0 0278                 __Hrparam 0000  
               __Lrparam 0000         __size_of_pic_isr 0220                 _contador 002D  
          __size_of_main 003C                 int$flags 003B             ??_verifica_b 001B  
             _INTCONbits 000FF2              _qtdDias_mes 0001                 intlevel2 0000  
     __end_of_verifica_b 02C2  __size_of_tratar_relogio 0198  
