

Microchip MPLAB XC8 Assembler V2.05 build -831301201 
                                                                                               Thu Feb 28 15:40:27 2019

Microchip MPLAB XC8 C Compiler v2.05 (Free license) build 20181220022703 Og1 
     1                           	processor	18F4550
     2                           	fnconf	rparam,??,?,0
     3                           	opt	pw 120
     4                           	opt	flic
     5                           	psect	cinit,global,reloc=2,class=CODE,delta=1
     6                           	psect	cstackCOMRAM,global,class=COMRAM,space=1,delta=1,noexec
     7                           	psect	text0,global,reloc=2,class=CODE,delta=1
     8                           	psect	intsave_regs,global,class=BIGRAM,space=1,delta=1,noexec
     9                           	psect	rparam,global,class=COMRAM,space=1,delta=1,noexec
    10  0000                     
    11                           ; Version 2.05
    12                           ; Generated 20/12/2018 GMT
    13                           ; 
    14                           ; Copyright © 2018, Microchip Technology Inc. and its subsidiaries ("Microchip")
    15                           ; All rights reserved.
    16                           ; 
    17                           ; This software is developed by Microchip Technology Inc. and its subsidiaries ("Microch
      +                          ip").
    18                           ; 
    19                           ; Redistribution and use in source and binary forms, with or without modification, are
    20                           ; permitted provided that the following conditions are met:
    21                           ; 
    22                           ;     1. Redistributions of source code must retain the above copyright notice, this lis
      +                          t of
    23                           ;        conditions and the following disclaimer.
    24                           ; 
    25                           ;     2. Redistributions in binary form must reproduce the above copyright notice, this 
      +                          list
    26                           ;        of conditions and the following disclaimer in the documentation and/or other
    27                           ;        materials provided with the distribution.
    28                           ; 
    29                           ;     3. Microchip's name may not be used to endorse or promote products derived from th
      +                          is
    30                           ;        software without specific prior written permission.
    31                           ; 
    32                           ; THIS SOFTWARE IS PROVIDED BY MICROCHIP "AS IS" AND ANY EXPRESS OR IMPLIED WARRANTIES,
    33                           ; INCLUDING, BUT NOT LIMITED TO, THE IMPLIED WARRANTIES OF MERCHANTABILITY AND FITNESS F
      +                          OR
    34                           ; PURPOSE ARE DISCLAIMED.  IN NO EVENT SHALL MICROCHIP BE LIABLE FOR ANY DIRECT, INDIREC
      +                          T,
    35                           ; INCIDENTAL, SPECIAL, EXEMPLARY, OR CONSEQUENTIAL DAMAGES (INCLUDING BUT NOT LIMITED TO
    36                           ; PROCUREMENT OF SUBSTITUTE GOODS OR SERVICES; LOSS OF USE, DATA OR PROFITS; OR BUSINESS
    37                           ; INTERRUPTION) HOWSOEVER CAUSED AND ON ANY THEORY OF LIABILITY, WHETHER IN CONTRACT, ST
      +                          RICT
    38                           ; LIABILITY, OR TORT (INCLUDING NEGLIGENCE OR OTHERWISE) ARISING IN ANY WAY OUT OF THE U
      +                          SE OF
    39                           ; THIS SOFTWARE, EVEN IF ADVISED OF THE POSSIBILITY OF SUCH DAMAGE.
    40                           ; 
    41                           ; 
    42                           ; Code-generator required, PIC18F4550 Definitions
    43                           ; 
    44                           ; SFR Addresses
    45  0000                     _PORTBbits	set	3969
    46  0000                     _TRISBbits	set	3987
    47                           
    48                           ; #config settings
    49                           
    50                           	psect	cinit
    51  007F9E                     __pcinit:
    52                           	opt callstack 0
    53  007F9E                     start_initialization:
    54                           	opt callstack 0
    55  007F9E                     __initialization:
    56                           	opt callstack 0
    57  007F9E                     end_of_initialization:
    58                           	opt callstack 0
    59  007F9E                     __end_of__initialization:
    60                           	opt callstack 0
    61  007F9E  0100               	movlb	0
    62  007FA0  EFD2  F03F         	goto	_main	;jump to C main() function
    63                           
    64                           	psect	cstackCOMRAM
    65  000001                     __pcstackCOMRAM:
    66                           	opt callstack 0
    67  000001                     ??_main:
    68                           
    69                           ; 1 bytes @ 0x0
    70  000001                     	ds	2
    71                           
    72 ;;
    73 ;;Main: autosize = 0, tempsize = 2, incstack = 0, save=0
    74 ;;
    75 ;; *************** function _main *****************
    76 ;; Defined at:
    77 ;;		line 14 in file "exercicio_PIC_2_semaforo.c"
    78 ;; Parameters:    Size  Location     Type
    79 ;;		None
    80 ;; Auto vars:     Size  Location     Type
    81 ;;		None
    82 ;; Return value:  Size  Location     Type
    83 ;;                  1    wreg      void 
    84 ;; Registers used:
    85 ;;		wreg
    86 ;; Tracked objects:
    87 ;;		On entry : 0/0
    88 ;;		On exit  : 0/0
    89 ;;		Unchanged: 0/0
    90 ;; Data sizes:     COMRAM   BANK0   BANK1   BANK2   BANK3   BANK4   BANK5   BANK6   BANK7
    91 ;;      Params:         0       0       0       0       0       0       0       0       0
    92 ;;      Locals:         0       0       0       0       0       0       0       0       0
    93 ;;      Temps:          2       0       0       0       0       0       0       0       0
    94 ;;      Totals:         2       0       0       0       0       0       0       0       0
    95 ;;Total ram usage:        2 bytes
    96 ;; This function calls:
    97 ;;		Nothing
    98 ;; This function is called by:
    99 ;;		Startup code after reset
   100 ;; This function uses a non-reentrant model
   101 ;;
   102                           
   103                           	psect	text0
   104  007FA4                     __ptext0:
   105                           	opt callstack 0
   106  007FA4                     _main:
   107                           	opt callstack 31
   108                           
   109                           ;exercicio_PIC_2_semaforo.c: 17:     PORTBbits.RB2=0;
   110                           
   111                           ;incstack = 0
   112  007FA4  9093               	bcf	3987,0,c	;volatile
   113                           
   114                           ;exercicio_PIC_2_semaforo.c: 18: 
   115  007FA6  9293               	bcf	3987,1,c	;volatile
   116                           
   117                           ;exercicio_PIC_2_semaforo.c: 19:     return;
   118  007FA8  9493               	bcf	3987,2,c	;volatile
   119  007FAA  8081               	bsf	3969,0,c	;volatile
   120  007FAC  0E0D               	movlw	13
   121  007FAE  6E02               	movwf	(??_main+1)& (0+255),c
   122  007FB0  0EAF               	movlw	175
   123  007FB2  6E01               	movwf	??_main& (0+255),c
   124  007FB4  0EB6               	movlw	182
   125  007FB6                     u17:
   126  007FB6  2EE8               	decfsz	wreg,f,c
   127  007FB8  D7FE               	bra	u17
   128  007FBA  2E01               	decfsz	??_main& (0+255),f,c
   129  007FBC  D7FC               	bra	u17
   130  007FBE  2E02               	decfsz	(??_main+1)& (0+255),f,c
   131  007FC0  D7FA               	bra	u17
   132  007FC2  D000               	nop2	
   133  007FC4  9081               	bcf	3969,0,c	;volatile
   134  007FC6  8281               	bsf	3969,1,c	;volatile
   135  007FC8  0E1A               	movlw	26
   136  007FCA  6E02               	movwf	(??_main+1)& (0+255),c
   137  007FCC  0E5E               	movlw	94
   138  007FCE  6E01               	movwf	??_main& (0+255),c
   139  007FD0  0E6E               	movlw	110
   140  007FD2                     u27:
   141  007FD2  2EE8               	decfsz	wreg,f,c
   142  007FD4  D7FE               	bra	u27
   143  007FD6  2E01               	decfsz	??_main& (0+255),f,c
   144  007FD8  D7FC               	bra	u27
   145  007FDA  2E02               	decfsz	(??_main+1)& (0+255),f,c
   146  007FDC  D7FA               	bra	u27
   147  007FDE  D000               	nop2	
   148  007FE0  9281               	bcf	3969,1,c	;volatile
   149  007FE2  8481               	bsf	3969,2,c	;volatile
   150  007FE4  0E4D               	movlw	77
   151  007FE6  6E02               	movwf	(??_main+1)& (0+255),c
   152  007FE8  0E19               	movlw	25
   153  007FEA  6E01               	movwf	??_main& (0+255),c
   154  007FEC  0E50               	movlw	80
   155  007FEE                     u37:
   156  007FEE  2EE8               	decfsz	wreg,f,c
   157  007FF0  D7FE               	bra	u37
   158  007FF2  2E01               	decfsz	??_main& (0+255),f,c
   159  007FF4  D7FC               	bra	u37
   160  007FF6  2E02               	decfsz	(??_main+1)& (0+255),f,c
   161  007FF8  D7FA               	bra	u37
   162  007FFA  9481               	bcf	3969,2,c	;volatile
   163  007FFC  EF00  F000         	goto	start
   164  008000                     __end_of_main:
   165                           	opt callstack 0
   166  0000                     
   167                           	psect	rparam
   168  0000                     tosu	equ	0xFFF
   169                           tosh	equ	0xFFE
   170                           tosl	equ	0xFFD
   171                           stkptr	equ	0xFFC
   172                           pclatu	equ	0xFFB
   173                           pclath	equ	0xFFA
   174                           pcl	equ	0xFF9
   175                           tblptru	equ	0xFF8
   176                           tblptrh	equ	0xFF7
   177                           tblptrl	equ	0xFF6
   178                           tablat	equ	0xFF5
   179                           prodh	equ	0xFF4
   180                           prodl	equ	0xFF3
   181                           indf0	equ	0xFEF
   182                           postinc0	equ	0xFEE
   183                           postdec0	equ	0xFED
   184                           preinc0	equ	0xFEC
   185                           plusw0	equ	0xFEB
   186                           fsr0h	equ	0xFEA
   187                           fsr0l	equ	0xFE9
   188                           wreg	equ	0xFE8
   189                           indf1	equ	0xFE7
   190                           postinc1	equ	0xFE6
   191                           postdec1	equ	0xFE5
   192                           preinc1	equ	0xFE4
   193                           plusw1	equ	0xFE3
   194                           fsr1h	equ	0xFE2
   195                           fsr1l	equ	0xFE1
   196                           bsr	equ	0xFE0
   197                           indf2	equ	0xFDF
   198                           postinc2	equ	0xFDE
   199                           postdec2	equ	0xFDD
   200                           preinc2	equ	0xFDC
   201                           plusw2	equ	0xFDB
   202                           fsr2h	equ	0xFDA
   203                           fsr2l	equ	0xFD9
   204                           status	equ	0xFD8


Data Sizes:
    Strings     0
    Constant    0
    Data        0
    BSS         0
    Persistent  0
    Stack       0

Auto Spaces:
    Space          Size  Autos    Used
    COMRAM           95      2       2
    BANK0           160      0       0
    BANK1           256      0       0
    BANK2           256      0       0
    BANK3           256      0       0
    BANK4           256      0       0
    BANK5           256      0       0
    BANK6           256      0       0
    BANK7           256      0       0

Pointer List with Targets:

    None.

Critical Paths under _main in COMRAM

    None.

Critical Paths under _main in BANK0

    None.

Critical Paths under _main in BANK1

    None.

Critical Paths under _main in BANK2

    None.

Critical Paths under _main in BANK3

    None.

Critical Paths under _main in BANK4

    None.

Critical Paths under _main in BANK5

    None.

Critical Paths under _main in BANK6

    None.

Critical Paths under _main in BANK7

    None.

Call Graph Tables:

 ---------------------------------------------------------------------------------
 (Depth) Function   	        Calls       Base Space   Used Autos Params    Refs
 ---------------------------------------------------------------------------------
 (0) _main                                                 2     2      0       0
                                              0 COMRAM     2     2      0
 ---------------------------------------------------------------------------------
 Estimated maximum stack depth 0
 ---------------------------------------------------------------------------------

 Call Graph Graphs:

 _main (ROOT)

 Address spaces:
Name               Size   Autos  Total    Cost      Usage
BITCOMRAM           5F      0       0       0        0.0%
EEDATA             100      0       0       0        0.0%
NULL                 0      0       0       0        0.0%
CODE                 0      0       0       0        0.0%
COMRAM              5F      2       2       1        2.1%
STACK                0      0       0       2        0.0%
DATA                 0      0       0       3        0.0%
BITBANK0            A0      0       0       4        0.0%
BANK0               A0      0       0       5        0.0%
BITBANK1           100      0       0       6        0.0%
BANK1              100      0       0       7        0.0%
BITBANK2           100      0       0       8        0.0%
BANK2              100      0       0       9        0.0%
BITBANK3           100      0       0      10        0.0%
BANK3              100      0       0      11        0.0%
BITBANK4           100      0       0      12        0.0%
BANK4              100      0       0      13        0.0%
BITBANK5           100      0       0      14        0.0%
BANK5              100      0       0      15        0.0%
BITBANK6           100      0       0      16        0.0%
BANK6              100      0       0      17        0.0%
BITBANK7           100      0       0      18        0.0%
BANK7              100      0       0      19        0.0%
ABS                  0      0       0      20        0.0%
BIGRAM             7FF      0       0      21        0.0%
BITSFR               0      0       0     200        0.0%
SFR                  0      0       0     200        0.0%


Microchip Technology PIC18 Macro Assembler V2.05 build -831301201 
Symbol Table                                                                                   Thu Feb 28 15:40:27 2019

                     u17 7FB6                       u27 7FD2                       u37 7FEE  
                    wreg 000FE8                     _main 7FA4                     start 0000  
           ___param_bank 000000                    ?_main 0001          __initialization 7F9E  
           __end_of_main 8000                   ??_main 0001            __activetblptr 000000  
             __accesstop 0060  __end_of__initialization 7F9E            ___rparam_used 000001  
         __pcstackCOMRAM 0001                  __Hparam 0000                  __Lparam 0000  
                __pcinit 7F9E                  __ramtop 0800                  __ptext0 7FA4  
   end_of_initialization 7F9E                _PORTBbits 000F81                _TRISBbits 000F93  
    start_initialization 7F9E                 __Hrparam 0000                 __Lrparam 0000  
          __size_of_main 005C  
