

Microchip MPLAB XC8 Assembler V2.05 build -831301201 
                                                                                               Mon Mar 18 17:51:25 2019

Microchip MPLAB XC8 C Compiler v2.05 (Free license) build 20181220022703 Og1 
     1                           	processor	18F4550
     2                           	fnconf	rparam,??,?,0
     3                           	opt	pw 120
     4                           	opt	flic
     5                           	psect	cinit,global,reloc=2,class=CODE,delta=1
     6                           	psect	cstackCOMRAM,global,class=COMRAM,space=1,delta=1,noexec
     7                           	psect	text0,global,reloc=2,class=CODE,delta=1
     8                           	psect	intsave_regs,global,class=BIGRAM,space=1,delta=1,noexec
     9                           	psect	rparam,global,class=COMRAM,space=1,delta=1,noexec
    10  0000                     
    11                           ; Version 2.05
    12                           ; Generated 20/12/2018 GMT
    13                           ; 
    14                           ; Copyright © 2018, Microchip Technology Inc. and its subsidiaries ("Microchip")
    15                           ; All rights reserved.
    16                           ; 
    17                           ; This software is developed by Microchip Technology Inc. and its subsidiaries ("Microch
      +                          ip").
    18                           ; 
    19                           ; Redistribution and use in source and binary forms, with or without modification, are
    20                           ; permitted provided that the following conditions are met:
    21                           ; 
    22                           ;     1. Redistributions of source code must retain the above copyright notice, this lis
      +                          t of
    23                           ;        conditions and the following disclaimer.
    24                           ; 
    25                           ;     2. Redistributions in binary form must reproduce the above copyright notice, this 
      +                          list
    26                           ;        of conditions and the following disclaimer in the documentation and/or other
    27                           ;        materials provided with the distribution.
    28                           ; 
    29                           ;     3. Microchip's name may not be used to endorse or promote products derived from th
      +                          is
    30                           ;        software without specific prior written permission.
    31                           ; 
    32                           ; THIS SOFTWARE IS PROVIDED BY MICROCHIP "AS IS" AND ANY EXPRESS OR IMPLIED WARRANTIES,
    33                           ; INCLUDING, BUT NOT LIMITED TO, THE IMPLIED WARRANTIES OF MERCHANTABILITY AND FITNESS F
      +                          OR
    34                           ; PURPOSE ARE DISCLAIMED.  IN NO EVENT SHALL MICROCHIP BE LIABLE FOR ANY DIRECT, INDIREC
      +                          T,
    35                           ; INCIDENTAL, SPECIAL, EXEMPLARY, OR CONSEQUENTIAL DAMAGES (INCLUDING BUT NOT LIMITED TO
    36                           ; PROCUREMENT OF SUBSTITUTE GOODS OR SERVICES; LOSS OF USE, DATA OR PROFITS; OR BUSINESS
    37                           ; INTERRUPTION) HOWSOEVER CAUSED AND ON ANY THEORY OF LIABILITY, WHETHER IN CONTRACT, ST
      +                          RICT
    38                           ; LIABILITY, OR TORT (INCLUDING NEGLIGENCE OR OTHERWISE) ARISING IN ANY WAY OUT OF THE U
      +                          SE OF
    39                           ; THIS SOFTWARE, EVEN IF ADVISED OF THE POSSIBILITY OF SUCH DAMAGE.
    40                           ; 
    41                           ; 
    42                           ; Code-generator required, PIC18F4550 Definitions
    43                           ; 
    44                           ; SFR Addresses
    45  0000                     _TMR0	set	4054
    46  0000                     _PORTDbits	set	3971
    47  0000                     _INTCONbits	set	4082
    48  0000                     _T0CONbits	set	4053
    49  0000                     _TRISDbits	set	3989
    50                           
    51                           ; #config settings
    52                           
    53                           	psect	cinit
    54  007F96                     __pcinit:
    55                           	opt callstack 0
    56  007F96                     start_initialization:
    57                           	opt callstack 0
    58  007F96                     __initialization:
    59                           	opt callstack 0
    60  007F96                     end_of_initialization:
    61                           	opt callstack 0
    62  007F96                     __end_of__initialization:
    63                           	opt callstack 0
    64  007F96  0100               	movlb	0
    65  007F98  EFCE  F03F         	goto	_main	;jump to C main() function
    66                           
    67                           	psect	cstackCOMRAM
    68  000001                     __pcstackCOMRAM:
    69                           	opt callstack 0
    70  000001                     ??_main:
    71                           
    72                           ; 1 bytes @ 0x0
    73  000001                     	ds	1
    74  000002                     main@contador:
    75                           	opt callstack 0
    76                           
    77                           ; 2 bytes @ 0x1
    78  000002                     	ds	2
    79                           
    80 ;;
    81 ;;Main: autosize = 0, tempsize = 1, incstack = 0, save=0
    82 ;;
    83 ;; *************** function _main *****************
    84 ;; Defined at:
    85 ;;		line 15 in file "exercicio_PIC_4_timer.c"
    86 ;; Parameters:    Size  Location     Type
    87 ;;		None
    88 ;; Auto vars:     Size  Location     Type
    89 ;;  contador        2    1[COMRAM] int 
    90 ;; Return value:  Size  Location     Type
    91 ;;                  1    wreg      void 
    92 ;; Registers used:
    93 ;;		wreg, status,2, status,0
    94 ;; Tracked objects:
    95 ;;		On entry : 0/0
    96 ;;		On exit  : 0/0
    97 ;;		Unchanged: 0/0
    98 ;; Data sizes:     COMRAM   BANK0   BANK1   BANK2   BANK3   BANK4   BANK5   BANK6   BANK7
    99 ;;      Params:         0       0       0       0       0       0       0       0       0
   100 ;;      Locals:         2       0       0       0       0       0       0       0       0
   101 ;;      Temps:          1       0       0       0       0       0       0       0       0
   102 ;;      Totals:         3       0       0       0       0       0       0       0       0
   103 ;;Total ram usage:        3 bytes
   104 ;; This function calls:
   105 ;;		Nothing
   106 ;; This function is called by:
   107 ;;		Startup code after reset
   108 ;; This function uses a non-reentrant model
   109 ;;
   110                           
   111                           	psect	text0
   112  007F9C                     __ptext0:
   113                           	opt callstack 0
   114  007F9C                     _main:
   115                           	opt callstack 31
   116                           
   117                           ;exercicio_PIC_4_timer.c: 17: 
   118                           
   119                           ;incstack = 0
   120  007F9C  9095               	bcf	3989,0,c	;volatile
   121                           
   122                           ;exercicio_PIC_4_timer.c: 19: 
   123  007F9E  8ED5               	bsf	4053,7,c	;volatile
   124                           
   125                           ;exercicio_PIC_4_timer.c: 21: 
   126  007FA0  8AF2               	bsf	4082,5,c	;volatile
   127                           
   128                           ;exercicio_PIC_4_timer.c: 22:     while(1){
   129  007FA2  94F2               	bcf	4082,2,c	;volatile
   130                           
   131                           ;exercicio_PIC_4_timer.c: 24: 
   132  007FA4  9CD5               	bcf	4053,6,c	;volatile
   133                           
   134                           ;exercicio_PIC_4_timer.c: 25:             TMR0=2535;
   135  007FA6  96D5               	bcf	4053,3,c	;volatile
   136                           
   137                           ;exercicio_PIC_4_timer.c: 26:             INTCONbits.TMR0IF=0;
   138  007FA8  80D5               	bsf	4053,0,c	;volatile
   139                           
   140                           ;exercicio_PIC_4_timer.c: 27:             contador++;
   141  007FAA  92D5               	bcf	4053,1,c	;volatile
   142                           
   143                           ;exercicio_PIC_4_timer.c: 28:         }
   144  007FAC  84D5               	bsf	4053,2,c	;volatile
   145                           
   146                           ;exercicio_PIC_4_timer.c: 29: 
   147  007FAE  9AD5               	bcf	4053,5,c	;volatile
   148                           
   149                           ;exercicio_PIC_4_timer.c: 31:             PORTDbits.RD0=PORTDbits.RD0+1;
   150  007FB0  0E09               	movlw	9
   151  007FB2  6ED7               	movwf	4055,c	;volatile
   152  007FB4  0EE7               	movlw	231
   153  007FB6  6ED6               	movwf	4054,c	;volatile
   154                           
   155                           ;exercicio_PIC_4_timer.c: 33:         }
   156  007FB8  8ED5               	bsf	4053,7,c	;volatile
   157  007FBA                     
   158                           ;exercicio_PIC_4_timer.c: 35:     return;
   159  007FBA  0E00               	movlw	0
   160  007FBC  6E03               	movwf	main@contador+1,c
   161  007FBE  0E00               	movlw	0
   162  007FC0  6E02               	movwf	main@contador,c
   163  007FC2                     l702:
   164  007FC2  A4F2               	btfss	4082,2,c	;volatile
   165  007FC4  D007               	goto	l710
   166  007FC6  0E09               	movlw	9
   167  007FC8  6ED7               	movwf	4055,c	;volatile
   168  007FCA  0EE7               	movlw	231
   169  007FCC  6ED6               	movwf	4054,c	;volatile
   170  007FCE  94F2               	bcf	4082,2,c	;volatile
   171  007FD0  4A02               	infsnz	main@contador,f,c
   172  007FD2  2A03               	incf	main@contador+1,f,c
   173  007FD4                     l710:
   174  007FD4  BE03               	btfsc	main@contador+1,7,c
   175  007FD6  D7F5               	goto	l702
   176  007FD8  5003               	movf	main@contador+1,w,c
   177  007FDA  E104               	bnz	u20
   178  007FDC  0E06               	movlw	6
   179  007FDE  5C02               	subwf	main@contador,w,c
   180  007FE0  A0D8               	btfss	status,0,c
   181  007FE2  D7EF               	goto	l702
   182  007FE4                     u20:
   183  007FE4  A083               	btfss	3971,0,c	;volatile
   184  007FE6  D003               	goto	u30
   185  007FE8  6A01               	clrf	??_main& (0+255),c
   186  007FEA  2A01               	incf	??_main& (0+255),f,c
   187  007FEC  D001               	goto	u38
   188  007FEE                     u30:
   189  007FEE  6A01               	clrf	??_main& (0+255),c
   190  007FF0                     u38:
   191  007FF0  0E01               	movlw	1
   192  007FF2  2601               	addwf	??_main,f,c
   193  007FF4  5083               	movf	3971,w,c	;volatile
   194  007FF6  1801               	xorwf	??_main,w,c
   195  007FF8  0BFE               	andlw	-2
   196  007FFA  1801               	xorwf	??_main,w,c
   197  007FFC  6E83               	movwf	3971,c	;volatile
   198  007FFE  D7DD               	goto	L1
   199  008000                     __end_of_main:
   200                           	opt callstack 0
   201  0000                     
   202                           	psect	rparam
   203  0000                     tosu	equ	0xFFF
   204                           tosh	equ	0xFFE
   205                           tosl	equ	0xFFD
   206                           stkptr	equ	0xFFC
   207                           pclatu	equ	0xFFB
   208                           pclath	equ	0xFFA
   209                           pcl	equ	0xFF9
   210                           tblptru	equ	0xFF8
   211                           tblptrh	equ	0xFF7
   212                           tblptrl	equ	0xFF6
   213                           tablat	equ	0xFF5
   214                           prodh	equ	0xFF4
   215                           prodl	equ	0xFF3
   216                           indf0	equ	0xFEF
   217                           postinc0	equ	0xFEE
   218                           postdec0	equ	0xFED
   219                           preinc0	equ	0xFEC
   220                           plusw0	equ	0xFEB
   221                           fsr0h	equ	0xFEA
   222                           fsr0l	equ	0xFE9
   223                           wreg	equ	0xFE8
   224                           indf1	equ	0xFE7
   225                           postinc1	equ	0xFE6
   226                           postdec1	equ	0xFE5
   227                           preinc1	equ	0xFE4
   228                           plusw1	equ	0xFE3
   229                           fsr1h	equ	0xFE2
   230                           fsr1l	equ	0xFE1
   231                           bsr	equ	0xFE0
   232                           indf2	equ	0xFDF
   233                           postinc2	equ	0xFDE
   234                           postdec2	equ	0xFDD
   235                           preinc2	equ	0xFDC
   236                           plusw2	equ	0xFDB
   237                           fsr2h	equ	0xFDA
   238                           fsr2l	equ	0xFD9
   239                           status	equ	0xFD8


Data Sizes:
    Strings     0
    Constant    0
    Data        0
    BSS         0
    Persistent  0
    Stack       0

Auto Spaces:
    Space          Size  Autos    Used
    COMRAM           95      3       3
    BANK0           160      0       0
    BANK1           256      0       0
    BANK2           256      0       0
    BANK3           256      0       0
    BANK4           256      0       0
    BANK5           256      0       0
    BANK6           256      0       0
    BANK7           256      0       0

Pointer List with Targets:

    None.

Critical Paths under _main in COMRAM

    None.

Critical Paths under _main in BANK0

    None.

Critical Paths under _main in BANK1

    None.

Critical Paths under _main in BANK2

    None.

Critical Paths under _main in BANK3

    None.

Critical Paths under _main in BANK4

    None.

Critical Paths under _main in BANK5

    None.

Critical Paths under _main in BANK6

    None.

Critical Paths under _main in BANK7

    None.

Call Graph Tables:

 ---------------------------------------------------------------------------------
 (Depth) Function   	        Calls       Base Space   Used Autos Params    Refs
 ---------------------------------------------------------------------------------
 (0) _main                                                 3     3      0      15
                                              0 COMRAM     3     3      0
 ---------------------------------------------------------------------------------
 Estimated maximum stack depth 0
 ---------------------------------------------------------------------------------

 Call Graph Graphs:

 _main (ROOT)

 Address spaces:
Name               Size   Autos  Total    Cost      Usage
BITCOMRAM           5F      0       0       0        0.0%
EEDATA             100      0       0       0        0.0%
NULL                 0      0       0       0        0.0%
CODE                 0      0       0       0        0.0%
COMRAM              5F      3       3       1        3.2%
STACK                0      0       0       2        0.0%
DATA                 0      0       0       3        0.0%
BITBANK0            A0      0       0       4        0.0%
BANK0               A0      0       0       5        0.0%
BITBANK1           100      0       0       6        0.0%
BANK1              100      0       0       7        0.0%
BITBANK2           100      0       0       8        0.0%
BANK2              100      0       0       9        0.0%
BITBANK3           100      0       0      10        0.0%
BANK3              100      0       0      11        0.0%
BITBANK4           100      0       0      12        0.0%
BANK4              100      0       0      13        0.0%
BITBANK5           100      0       0      14        0.0%
BANK5              100      0       0      15        0.0%
BITBANK6           100      0       0      16        0.0%
BANK6              100      0       0      17        0.0%
BITBANK7           100      0       0      18        0.0%
BANK7              100      0       0      19        0.0%
ABS                  0      0       0      20        0.0%
BIGRAM             7FF      0       0      21        0.0%
BITSFR               0      0       0     200        0.0%
SFR                  0      0       0     200        0.0%


Microchip Technology PIC18 Macro Assembler V2.05 build -831301201 
Symbol Table                                                                                   Mon Mar 18 17:51:25 2019

                     u20 7FE4                       u30 7FEE                       u38 7FF0  
                    l710 7FD4                      l702 7FC2                     _TMR0 000FD6  
                   _main 7F9C                     start 0000             ___param_bank 000000  
           main@contador 0002                    ?_main 0001                    status 000FD8  
        __initialization 7F96             __end_of_main 8000                   ??_main 0001  
          __activetblptr 000000               __accesstop 0060  __end_of__initialization 7F96  
          ___rparam_used 000001           __pcstackCOMRAM 0001                  __Hparam 0000  
                __Lparam 0000                  __pcinit 7F96                  __ramtop 0800  
                __ptext0 7F9C                _T0CONbits 000FD5     end_of_initialization 7F96  
              _PORTDbits 000F83                _TRISDbits 000F95      start_initialization 7F96  
               __Hrparam 0000                 __Lrparam 0000            __size_of_main 0064  
             _INTCONbits 000FF2  
